<?xml version="1.0" encoding="UTF-8"?>
<!-- Generated by org.testng.reporters.JUnitXMLReporter -->
<testsuite ignored="0" hostname="DESKTOP-FS8C1DK" failures="1" tests="1" name="Test" time="50.893" errors="0" timestamp="2025-11-23T09:52:33 IST">
  <testcase classname="com.learning.testCases.TC001_RegistrationTest" name="testAccountRegistrationVerification" time="0.975">
    <failure type="java.lang.AssertionError" message="null">
      <![CDATA[java.lang.AssertionError: null
at com.learning.testCases.TC001_RegistrationTest.testAccountRegistrationVerification(TC001_RegistrationTest.java:56)
at java.base/java.util.ArrayList.forEach(ArrayList.java:1596)
... Removed 31 stack frames]]>
    </failure>
  </testcase> <!-- testAccountRegistrationVerification -->
</testsuite> <!-- Test -->
