<?xml version="1.0" encoding="UTF-8"?>
<testng-results ignored="0" total="1" passed="1" failed="0" skipped="0">
  <reporter-output>
  </reporter-output>
  <suite started-at="2025-11-23T08:53:57 IST" name="Suite" finished-at="2025-11-23T08:54:40 IST" duration-ms="43229">
    <groups>
      <group name="regression">
        <method signature="TC001_RegistrationTest.testAccountRegistrationVerification()[pri:0, instance:com.learning.testCases.TC001_RegistrationTest@4218500f]" name="testAccountRegistrationVerification" class="com.learning.testCases.TC001_RegistrationTest"/>
      </group> <!-- regression -->
      <group name="master">
        <method signature="TC001_RegistrationTest.testAccountRegistrationVerification()[pri:0, instance:com.learning.testCases.TC001_RegistrationTest@4218500f]" name="testAccountRegistrationVerification" class="com.learning.testCases.TC001_RegistrationTest"/>
      </group> <!-- master -->
    </groups>
    <test started-at="2025-11-23T08:53:57 IST" name="Test" finished-at="2025-11-23T08:54:40 IST" duration-ms="43229">
      <class name="com.learning.testCases.TC001_RegistrationTest">
        <test-method is-config="true" signature="setUp(java.lang.String,java.lang.String)[pri:0, instance:com.learning.testCases.TC001_RegistrationTest@4218500f]" started-at="2025-11-23T08:53:58 IST" name="setUp" finished-at="2025-11-23T08:54:30 IST" duration-ms="32191" status="PASS">
          <params>
            <param index="0">
              <value>
                <![CDATA[windows]]>
              </value>
            </param>
            <param index="1">
              <value>
                <![CDATA[chrome]]>
              </value>
            </param>
          </params>
          <reporter-output>
          </reporter-output>
        </test-method> <!-- setUp -->
        <test-method signature="testAccountRegistrationVerification()[pri:0, instance:com.learning.testCases.TC001_RegistrationTest@4218500f]" started-at="2025-11-23T08:54:30 IST" name="testAccountRegistrationVerification" finished-at="2025-11-23T08:54:39 IST" duration-ms="9228" status="PASS">
          <reporter-output>
          </reporter-output>
        </test-method> <!-- testAccountRegistrationVerification -->
        <test-method is-config="true" signature="tearDown()[pri:0, instance:com.learning.testCases.TC001_RegistrationTest@4218500f]" started-at="2025-11-23T08:54:39 IST" name="tearDown" finished-at="2025-11-23T08:54:40 IST" duration-ms="948" status="PASS">
          <reporter-output>
          </reporter-output>
        </test-method> <!-- tearDown -->
      </class> <!-- com.learning.testCases.TC001_RegistrationTest -->
    </test> <!-- Test -->
  </suite> <!-- Suite -->
</testng-results>
